  [1m[35mSQL (45.0ms)[0m  [1m[35mCREATE EXTENSION IF NOT EXISTS "plpgsql"[0m
  [1m[35m (40.1ms)[0m  [1m[35mDROP TABLE IF EXISTS "albums" CASCADE[0m
  [1m[35m (62.4ms)[0m  [1m[35mCREATE TABLE "albums" ("id" bigserial primary key, "name" character varying NOT NULL, "band_id" integer NOT NULL, "year" integer NOT NULL, "live" boolean DEFAULT 'f' NOT NULL, "created_at" timestamp NOT NULL, "updated_at" timestamp NOT NULL)[0m
  [1m[35m (12.1ms)[0m  [1m[35mCREATE UNIQUE INDEX  "index_albums_on_band_id_and_name" ON "albums"  ("band_id", "name")[0m
  [1m[35m (0.4ms)[0m  [1m[35mDROP TABLE IF EXISTS "bands" CASCADE[0m
  [1m[35m (15.6ms)[0m  [1m[35mCREATE TABLE "bands" ("id" bigserial primary key, "name" character varying NOT NULL, "created_at" timestamp NOT NULL, "updated_at" timestamp NOT NULL)[0m
  [1m[35m (7.3ms)[0m  [1m[35mCREATE UNIQUE INDEX  "index_bands_on_name" ON "bands"  ("name")[0m
  [1m[35m (0.3ms)[0m  [1m[35mDROP TABLE IF EXISTS "notes" CASCADE[0m
  [1m[35m (13.9ms)[0m  [1m[35mCREATE TABLE "notes" ("id" bigserial primary key, "track_id" integer NOT NULL, "user_id" integer NOT NULL, "content" text NOT NULL, "created_at" timestamp NOT NULL, "updated_at" timestamp NOT NULL)[0m
  [1m[35m (7.0ms)[0m  [1m[35mCREATE  INDEX  "index_notes_on_track_id" ON "notes"  ("track_id")[0m
  [1m[35m (6.7ms)[0m  [1m[35mCREATE  INDEX  "index_notes_on_user_id" ON "notes"  ("user_id")[0m
  [1m[35m (0.4ms)[0m  [1m[35mDROP TABLE IF EXISTS "tracks" CASCADE[0m
  [1m[35m (15.1ms)[0m  [1m[35mCREATE TABLE "tracks" ("id" bigserial primary key, "name" character varying NOT NULL, "album_id" integer NOT NULL, "ord" integer NOT NULL, "bonus" boolean DEFAULT 'f' NOT NULL, "lyrics" text NOT NULL, "created_at" timestamp NOT NULL, "updated_at" timestamp NOT NULL)[0m
  [1m[35m (8.3ms)[0m  [1m[35mCREATE UNIQUE INDEX  "index_tracks_on_album_id_and_ord" ON "tracks"  ("album_id", "ord")[0m
  [1m[35m (0.3ms)[0m  [1m[35mDROP TABLE IF EXISTS "users" CASCADE[0m
  [1m[35m (16.9ms)[0m  [1m[35mCREATE TABLE "users" ("id" bigserial primary key, "email" character varying NOT NULL, "password_digest" character varying NOT NULL, "session_token" character varying NOT NULL, "activated" boolean DEFAULT 'f' NOT NULL, "activation_token" character varying NOT NULL, "created_at" timestamp NOT NULL, "updated_at" timestamp NOT NULL)[0m
  [1m[35m (4.1ms)[0m  [1m[35mCREATE UNIQUE INDEX  "index_users_on_activation_token" ON "users"  ("activation_token")[0m
  [1m[35m (12.7ms)[0m  [1m[35mCREATE  INDEX  "index_users_on_email" ON "users"  ("email")[0m
  [1m[35m (6.7ms)[0m  [1m[35mCREATE UNIQUE INDEX  "index_users_on_session_token" ON "users"  ("session_token")[0m
  [1m[35m (12.5ms)[0m  [1m[35mCREATE TABLE "schema_migrations" ("version" character varying NOT NULL PRIMARY KEY)[0m
  [1m[35m (1.7ms)[0m  [1m[34mSELECT "schema_migrations"."version" FROM "schema_migrations" ORDER BY "schema_migrations"."version" ASC[0m
  [1m[35m (3.5ms)[0m  [1m[32mINSERT INTO "schema_migrations" (version) VALUES (20170711232251)[0m
  [1m[35m (3.4ms)[0m  [1m[32mINSERT INTO "schema_migrations" (version) VALUES
(20170711232117),
(20170711231941),
(20170711232038),
(20170711231956);

[0m
  [1m[35m (50.9ms)[0m  [1m[35mCREATE TABLE "ar_internal_metadata" ("key" character varying NOT NULL PRIMARY KEY, "value" character varying, "created_at" timestamp NOT NULL, "updated_at" timestamp NOT NULL)[0m
  [1m[36mActiveRecord::InternalMetadata Load (1.6ms)[0m  [1m[34mSELECT  "ar_internal_metadata".* FROM "ar_internal_metadata" WHERE "ar_internal_metadata"."key" = $1 LIMIT $2[0m  [["key", "environment"], ["LIMIT", 1]]
  [1m[35m (0.3ms)[0m  [1m[35mBEGIN[0m
  [1m[35mSQL (25.8ms)[0m  [1m[32mINSERT INTO "ar_internal_metadata" ("key", "value", "created_at", "updated_at") VALUES ($1, $2, $3, $4) RETURNING "key"[0m  [["key", "environment"], ["value", "development"], ["created_at", "2019-09-11 00:13:38.001435"], ["updated_at", "2019-09-11 00:13:38.001435"]]
  [1m[35m (2.4ms)[0m  [1m[35mCOMMIT[0m
  [1m[36mActiveRecord::InternalMetadata Load (2.6ms)[0m  [1m[34mSELECT  "ar_internal_metadata".* FROM "ar_internal_metadata" WHERE "ar_internal_metadata"."key" = $1 LIMIT $2[0m  [["key", "environment"], ["LIMIT", 1]]
  [1m[35m (0.4ms)[0m  [1m[35mBEGIN[0m
  [1m[35m (0.3ms)[0m  [1m[35mCOMMIT[0m
  [1m[35mSQL (1.1ms)[0m  [1m[35mCREATE EXTENSION IF NOT EXISTS "plpgsql"[0m
  [1m[35m (0.5ms)[0m  [1m[35mDROP TABLE IF EXISTS "albums" CASCADE[0m
  [1m[35m (25.2ms)[0m  [1m[35mCREATE TABLE "albums" ("id" bigserial primary key, "name" character varying NOT NULL, "band_id" integer NOT NULL, "year" integer NOT NULL, "live" boolean DEFAULT 'f' NOT NULL, "created_at" timestamp NOT NULL, "updated_at" timestamp NOT NULL)[0m
  [1m[35m (9.1ms)[0m  [1m[35mCREATE UNIQUE INDEX  "index_albums_on_band_id_and_name" ON "albums"  ("band_id", "name")[0m
  [1m[35m (0.4ms)[0m  [1m[35mDROP TABLE IF EXISTS "bands" CASCADE[0m
  [1m[35m (19.9ms)[0m  [1m[35mCREATE TABLE "bands" ("id" bigserial primary key, "name" character varying NOT NULL, "created_at" timestamp NOT NULL, "updated_at" timestamp NOT NULL)[0m
  [1m[35m (3.3ms)[0m  [1m[35mCREATE UNIQUE INDEX  "index_bands_on_name" ON "bands"  ("name")[0m
  [1m[35m (0.5ms)[0m  [1m[35mDROP TABLE IF EXISTS "notes" CASCADE[0m
  [1m[35m (11.1ms)[0m  [1m[35mCREATE TABLE "notes" ("id" bigserial primary key, "track_id" integer NOT NULL, "user_id" integer NOT NULL, "content" text NOT NULL, "created_at" timestamp NOT NULL, "updated_at" timestamp NOT NULL)[0m
  [1m[35m (3.8ms)[0m  [1m[35mCREATE  INDEX  "index_notes_on_track_id" ON "notes"  ("track_id")[0m
  [1m[35m (5.6ms)[0m  [1m[35mCREATE  INDEX  "index_notes_on_user_id" ON "notes"  ("user_id")[0m
  [1m[35m (0.3ms)[0m  [1m[35mDROP TABLE IF EXISTS "tracks" CASCADE[0m
  [1m[35m (11.2ms)[0m  [1m[35mCREATE TABLE "tracks" ("id" bigserial primary key, "name" character varying NOT NULL, "album_id" integer NOT NULL, "ord" integer NOT NULL, "bonus" boolean DEFAULT 'f' NOT NULL, "lyrics" text NOT NULL, "created_at" timestamp NOT NULL, "updated_at" timestamp NOT NULL)[0m
  [1m[35m (1.7ms)[0m  [1m[35mCREATE UNIQUE INDEX  "index_tracks_on_album_id_and_ord" ON "tracks"  ("album_id", "ord")[0m
  [1m[35m (0.3ms)[0m  [1m[35mDROP TABLE IF EXISTS "users" CASCADE[0m
  [1m[35m (13.4ms)[0m  [1m[35mCREATE TABLE "users" ("id" bigserial primary key, "email" character varying NOT NULL, "password_digest" character varying NOT NULL, "session_token" character varying NOT NULL, "activated" boolean DEFAULT 'f' NOT NULL, "activation_token" character varying NOT NULL, "created_at" timestamp NOT NULL, "updated_at" timestamp NOT NULL)[0m
  [1m[35m (4.5ms)[0m  [1m[35mCREATE UNIQUE INDEX  "index_users_on_activation_token" ON "users"  ("activation_token")[0m
  [1m[35m (7.1ms)[0m  [1m[35mCREATE  INDEX  "index_users_on_email" ON "users"  ("email")[0m
  [1m[35m (6.4ms)[0m  [1m[35mCREATE UNIQUE INDEX  "index_users_on_session_token" ON "users"  ("session_token")[0m
  [1m[35m (13.7ms)[0m  [1m[35mCREATE TABLE "schema_migrations" ("version" character varying NOT NULL PRIMARY KEY)[0m
  [1m[35m (2.5ms)[0m  [1m[34mSELECT "schema_migrations"."version" FROM "schema_migrations" ORDER BY "schema_migrations"."version" ASC[0m
  [1m[35m (6.7ms)[0m  [1m[32mINSERT INTO "schema_migrations" (version) VALUES (20170711232251)[0m
  [1m[35m (3.5ms)[0m  [1m[32mINSERT INTO "schema_migrations" (version) VALUES
(20170711232117),
(20170711231941),
(20170711232038),
(20170711231956);

[0m
  [1m[35m (10.1ms)[0m  [1m[35mCREATE TABLE "ar_internal_metadata" ("key" character varying NOT NULL PRIMARY KEY, "value" character varying, "created_at" timestamp NOT NULL, "updated_at" timestamp NOT NULL)[0m
  [1m[36mActiveRecord::InternalMetadata Load (0.8ms)[0m  [1m[34mSELECT  "ar_internal_metadata".* FROM "ar_internal_metadata" WHERE "ar_internal_metadata"."key" = $1 LIMIT $2[0m  [["key", "environment"], ["LIMIT", 1]]
  [1m[35m (0.2ms)[0m  [1m[35mBEGIN[0m
  [1m[35mSQL (0.6ms)[0m  [1m[32mINSERT INTO "ar_internal_metadata" ("key", "value", "created_at", "updated_at") VALUES ($1, $2, $3, $4) RETURNING "key"[0m  [["key", "environment"], ["value", "development"], ["created_at", "2019-09-11 00:13:38.355368"], ["updated_at", "2019-09-11 00:13:38.355368"]]
  [1m[35m (2.4ms)[0m  [1m[35mCOMMIT[0m
  [1m[36mActiveRecord::InternalMetadata Load (0.4ms)[0m  [1m[34mSELECT  "ar_internal_metadata".* FROM "ar_internal_metadata" WHERE "ar_internal_metadata"."key" = $1 LIMIT $2[0m  [["key", "environment"], ["LIMIT", 1]]
  [1m[35m (0.2ms)[0m  [1m[35mBEGIN[0m
  [1m[35mSQL (0.7ms)[0m  [1m[33mUPDATE "ar_internal_metadata" SET "value" = $1, "updated_at" = $2 WHERE "ar_internal_metadata"."key" = $3[0m  [["value", "test"], ["updated_at", "2019-09-11 00:13:38.363427"], ["key", "environment"]]
  [1m[35m (41.6ms)[0m  [1m[35mCOMMIT[0m
  [1m[35m (1.9ms)[0m  [1m[34mSELECT "schema_migrations"."version" FROM "schema_migrations" ORDER BY "schema_migrations"."version" ASC[0m
  [1m[36mUser Load (1.2ms)[0m  [1m[34mSELECT "users".* FROM "users"[0m
  [1m[36mBand Load (0.8ms)[0m  [1m[34mSELECT "bands".* FROM "bands"[0m
  [1m[36mAlbum Load (1.0ms)[0m  [1m[34mSELECT "albums".* FROM "albums"[0m
  [1m[36mTrack Load (0.8ms)[0m  [1m[34mSELECT "tracks".* FROM "tracks"[0m
  [1m[36mNote Load (0.8ms)[0m  [1m[34mSELECT "notes".* FROM "notes"[0m
  [1m[36mUser Exists (0.9ms)[0m  [1m[34mSELECT  1 AS one FROM "users" WHERE "users"."session_token" = $1 LIMIT $2[0m  [["session_token", "WdCYesya-C3UX1wx6hi7bg"], ["LIMIT", 1]]
  [1m[36mUser Exists (0.5ms)[0m  [1m[34mSELECT  1 AS one FROM "users" WHERE "users"."activation_token" = $1 LIMIT $2[0m  [["activation_token", "oOzHDWC2_PnrAuGMd0N-VQ"], ["LIMIT", 1]]
  [1m[35m (0.2ms)[0m  [1m[35mBEGIN[0m
  [1m[36mUser Exists (0.8ms)[0m  [1m[34mSELECT  1 AS one FROM "users" WHERE "users"."activation_token" = $1 LIMIT $2[0m  [["activation_token", "oOzHDWC2_PnrAuGMd0N-VQ"], ["LIMIT", 1]]
  [1m[36mUser Exists (0.6ms)[0m  [1m[34mSELECT  1 AS one FROM "users" WHERE "users"."email" = $1 LIMIT $2[0m  [["email", "fred@metal.com"], ["LIMIT", 1]]
  [1m[36mUser Exists (0.7ms)[0m  [1m[34mSELECT  1 AS one FROM "users" WHERE "users"."session_token" = $1 LIMIT $2[0m  [["session_token", "WdCYesya-C3UX1wx6hi7bg"], ["LIMIT", 1]]
  [1m[35mSQL (1.0ms)[0m  [1m[32mINSERT INTO "users" ("email", "password_digest", "session_token", "activation_token", "created_at", "updated_at") VALUES ($1, $2, $3, $4, $5, $6) RETURNING "id"[0m  [["email", "fred@metal.com"], ["password_digest", "$2a$12$jBFcRaQjTqNayNXLbkZBwuFBnwobem6no1xpm.T45DYiyYrPIN6gy"], ["session_token", "WdCYesya-C3UX1wx6hi7bg"], ["activation_token", "oOzHDWC2_PnrAuGMd0N-VQ"], ["created_at", "2019-09-11 00:13:38.930487"], ["updated_at", "2019-09-11 00:13:38.930487"]]
  [1m[35m (40.8ms)[0m  [1m[35mCOMMIT[0m
  [1m[36mUser Exists (0.5ms)[0m  [1m[34mSELECT  1 AS one FROM "users" WHERE "users"."session_token" = $1 LIMIT $2[0m  [["session_token", "aB-cxb4j-h2cpe62e_eIzw"], ["LIMIT", 1]]
  [1m[36mUser Exists (0.5ms)[0m  [1m[34mSELECT  1 AS one FROM "users" WHERE "users"."activation_token" = $1 LIMIT $2[0m  [["activation_token", "6utDwEhT2n0axp7O0oOYbg"], ["LIMIT", 1]]
  [1m[35m (0.2ms)[0m  [1m[35mBEGIN[0m
  [1m[36mUser Exists (0.5ms)[0m  [1m[34mSELECT  1 AS one FROM "users" WHERE "users"."activation_token" = $1 LIMIT $2[0m  [["activation_token", "6utDwEhT2n0axp7O0oOYbg"], ["LIMIT", 1]]
  [1m[36mUser Exists (0.5ms)[0m  [1m[34mSELECT  1 AS one FROM "users" WHERE "users"."email" = $1 LIMIT $2[0m  [["email", "daniel@classical.com"], ["LIMIT", 1]]
  [1m[36mUser Exists (0.6ms)[0m  [1m[34mSELECT  1 AS one FROM "users" WHERE "users"."session_token" = $1 LIMIT $2[0m  [["session_token", "aB-cxb4j-h2cpe62e_eIzw"], ["LIMIT", 1]]
  [1m[35mSQL (0.5ms)[0m  [1m[32mINSERT INTO "users" ("email", "password_digest", "session_token", "activation_token", "created_at", "updated_at") VALUES ($1, $2, $3, $4, $5, $6) RETURNING "id"[0m  [["email", "daniel@classical.com"], ["password_digest", "$2a$12$drUsfti5QWdCnR.b8S4tnOxIFMg6QhBCaWcwFWVP0HdyDpcwkpFDO"], ["session_token", "aB-cxb4j-h2cpe62e_eIzw"], ["activation_token", "6utDwEhT2n0axp7O0oOYbg"], ["created_at", "2019-09-11 00:13:39.291050"], ["updated_at", "2019-09-11 00:13:39.291050"]]
  [1m[35m (4.9ms)[0m  [1m[35mCOMMIT[0m
  [1m[35m (0.2ms)[0m  [1m[35mBEGIN[0m
  [1m[36mBand Exists (0.4ms)[0m  [1m[34mSELECT  1 AS one FROM "bands" WHERE "bands"."name" = $1 LIMIT $2[0m  [["name", "the little 'a's"], ["LIMIT", 1]]
  [1m[35mSQL (0.7ms)[0m  [1m[32mINSERT INTO "bands" ("name", "created_at", "updated_at") VALUES ($1, $2, $3) RETURNING "id"[0m  [["name", "the little 'a's"], ["created_at", "2019-09-11 00:13:39.308063"], ["updated_at", "2019-09-11 00:13:39.308063"]]
  [1m[35m (2.1ms)[0m  [1m[35mCOMMIT[0m
  [1m[35m (0.3ms)[0m  [1m[35mBEGIN[0m
  [1m[36mBand Exists (0.5ms)[0m  [1m[34mSELECT  1 AS one FROM "bands" WHERE "bands"."name" = $1 LIMIT $2[0m  [["name", "THE BIG 'A's"], ["LIMIT", 1]]
  [1m[35mSQL (0.4ms)[0m  [1m[32mINSERT INTO "bands" ("name", "created_at", "updated_at") VALUES ($1, $2, $3) RETURNING "id"[0m  [["name", "THE BIG 'A's"], ["created_at", "2019-09-11 00:13:39.314293"], ["updated_at", "2019-09-11 00:13:39.314293"]]
  [1m[35m (2.2ms)[0m  [1m[35mCOMMIT[0m
  [1m[35m (0.2ms)[0m  [1m[35mBEGIN[0m
  [1m[36mAlbum Exists (0.5ms)[0m  [1m[34mSELECT  1 AS one FROM "albums" WHERE "albums"."name" = $1 AND "albums"."band_id" = $2 LIMIT $3[0m  [["name", "Gonna be a big A someday!"], ["band_id", 1], ["LIMIT", 1]]
  [1m[35mSQL (0.7ms)[0m  [1m[32mINSERT INTO "albums" ("name", "band_id", "year", "created_at", "updated_at") VALUES ($1, $2, $3, $4, $5) RETURNING "id"[0m  [["name", "Gonna be a big A someday!"], ["band_id", 1], ["year", 2017], ["created_at", "2019-09-11 00:13:39.350026"], ["updated_at", "2019-09-11 00:13:39.350026"]]
  [1m[35m (41.1ms)[0m  [1m[35mCOMMIT[0m
  [1m[35m (0.5ms)[0m  [1m[35mBEGIN[0m
  [1m[36mTrack Exists (0.5ms)[0m  [1m[34mSELECT  1 AS one FROM "tracks" WHERE "tracks"."ord" = $1 AND "tracks"."album_id" = $2 LIMIT $3[0m  [["ord", 1], ["album_id", 1], ["LIMIT", 1]]
  [1m[35mSQL (0.9ms)[0m  [1m[32mINSERT INTO "tracks" ("name", "album_id", "ord", "lyrics", "created_at", "updated_at") VALUES ($1, $2, $3, $4, $5, $6) RETURNING "id"[0m  [["name", "Why would I make my own bracket method?"], ["album_id", 1], ["ord", 1], ["lyrics", "lalalalala"], ["created_at", "2019-09-11 00:13:39.437359"], ["updated_at", "2019-09-11 00:13:39.437359"]]
  [1m[35m (18.9ms)[0m  [1m[35mCOMMIT[0m
  [1m[35m (0.2ms)[0m  [1m[35mBEGIN[0m
  [1m[36mTrack Exists (1.1ms)[0m  [1m[34mSELECT  1 AS one FROM "tracks" WHERE "tracks"."ord" = $1 AND "tracks"."album_id" = $2 LIMIT $3[0m  [["ord", 2], ["album_id", 1], ["LIMIT", 1]]
  [1m[35mSQL (0.8ms)[0m  [1m[32mINSERT INTO "tracks" ("name", "album_id", "ord", "lyrics", "created_at", "updated_at") VALUES ($1, $2, $3, $4, $5, $6) RETURNING "id"[0m  [["name", "I am riding the rails of majesty"], ["album_id", 1], ["ord", 2], ["lyrics", "rails rails rrrrails"], ["created_at", "2019-09-11 00:13:39.463132"], ["updated_at", "2019-09-11 00:13:39.463132"]]
  [1m[35m (2.5ms)[0m  [1m[35mCOMMIT[0m
  [1m[35m (0.2ms)[0m  [1m[35mBEGIN[0m
  [1m[35mSQL (0.9ms)[0m  [1m[32mINSERT INTO "notes" ("track_id", "user_id", "content", "created_at", "updated_at") VALUES ($1, $2, $3, $4, $5) RETURNING "id"[0m  [["track_id", 1], ["user_id", 1], ["content", "It's better that way"], ["created_at", "2019-09-11 00:13:39.485248"], ["updated_at", "2019-09-11 00:13:39.485248"]]
  [1m[35m (2.2ms)[0m  [1m[35mCOMMIT[0m
  [1m[35m (0.2ms)[0m  [1m[35mBEGIN[0m
  [1m[35mSQL (0.6ms)[0m  [1m[32mINSERT INTO "notes" ("track_id", "user_id", "content", "created_at", "updated_at") VALUES ($1, $2, $3, $4, $5) RETURNING "id"[0m  [["track_id", 1], ["user_id", 2], ["content", "Can you add some spacing here?"], ["created_at", "2019-09-11 00:13:39.490732"], ["updated_at", "2019-09-11 00:13:39.490732"]]
  [1m[35m (2.2ms)[0m  [1m[35mCOMMIT[0m
  [1m[35m (1.1ms)[0m  [1m[34mSELECT "schema_migrations"."version" FROM "schema_migrations" ORDER BY "schema_migrations"."version" ASC[0m
  [1m[36mUser Load (1.0ms)[0m  [1m[34mSELECT "users".* FROM "users"[0m
  [1m[36mUser Exists (0.8ms)[0m  [1m[34mSELECT  1 AS one FROM "users" WHERE "users"."activation_token" = $1 LIMIT $2[0m  [["activation_token", "49YnPvvyzM_-m5qDynS7sQ"], ["LIMIT", 1]]
  [1m[36mUser Exists (0.4ms)[0m  [1m[34mSELECT  1 AS one FROM "users" WHERE "users"."activation_token" = $1 LIMIT $2[0m  [["activation_token", "2IEloOnR-pkQ1TXtk5m1jg"], ["LIMIT", 1]]
  [1m[35m (0.1ms)[0m  [1m[35mBEGIN[0m
  [1m[35mSQL (0.5ms)[0m  [1m[31mDELETE FROM "users" WHERE "users"."id" = $1[0m  [["id", 1]]
  [1m[35m (2.5ms)[0m  [1m[35mCOMMIT[0m
  [1m[35m (0.2ms)[0m  [1m[35mBEGIN[0m
  [1m[35mSQL (0.4ms)[0m  [1m[31mDELETE FROM "users" WHERE "users"."id" = $1[0m  [["id", 2]]
  [1m[35m (2.3ms)[0m  [1m[35mCOMMIT[0m
  [1m[36mBand Load (0.8ms)[0m  [1m[34mSELECT "bands".* FROM "bands"[0m
  [1m[35m (0.2ms)[0m  [1m[35mBEGIN[0m
  [1m[36mAlbum Load (0.7ms)[0m  [1m[34mSELECT "albums".* FROM "albums" WHERE "albums"."band_id" = $1[0m  [["band_id", 1]]
  [1m[36mTrack Load (0.7ms)[0m  [1m[34mSELECT "tracks".* FROM "tracks" WHERE "tracks"."album_id" = $1[0m  [["album_id", 1]]
  [1m[36mNote Load (0.9ms)[0m  [1m[34mSELECT "notes".* FROM "notes" WHERE "notes"."track_id" = $1[0m  [["track_id", 1]]
  [1m[35mSQL (0.5ms)[0m  [1m[31mDELETE FROM "notes" WHERE "notes"."id" = $1[0m  [["id", 1]]
  [1m[35mSQL (0.4ms)[0m  [1m[31mDELETE FROM "notes" WHERE "notes"."id" = $1[0m  [["id", 2]]
  [1m[35mSQL (0.4ms)[0m  [1m[31mDELETE FROM "tracks" WHERE "tracks"."id" = $1[0m  [["id", 1]]
  [1m[36mNote Load (0.4ms)[0m  [1m[34mSELECT "notes".* FROM "notes" WHERE "notes"."track_id" = $1[0m  [["track_id", 2]]
  [1m[35mSQL (0.4ms)[0m  [1m[31mDELETE FROM "tracks" WHERE "tracks"."id" = $1[0m  [["id", 2]]
  [1m[35mSQL (0.4ms)[0m  [1m[31mDELETE FROM "albums" WHERE "albums"."id" = $1[0m  [["id", 1]]
  [1m[35mSQL (0.4ms)[0m  [1m[31mDELETE FROM "bands" WHERE "bands"."id" = $1[0m  [["id", 1]]
  [1m[35m (2.1ms)[0m  [1m[35mCOMMIT[0m
  [1m[35m (0.2ms)[0m  [1m[35mBEGIN[0m
  [1m[36mAlbum Load (0.6ms)[0m  [1m[34mSELECT "albums".* FROM "albums" WHERE "albums"."band_id" = $1[0m  [["band_id", 2]]
  [1m[35mSQL (0.8ms)[0m  [1m[31mDELETE FROM "bands" WHERE "bands"."id" = $1[0m  [["id", 2]]
  [1m[35m (2.3ms)[0m  [1m[35mCOMMIT[0m
  [1m[36mAlbum Load (0.4ms)[0m  [1m[34mSELECT "albums".* FROM "albums"[0m
  [1m[36mTrack Load (0.4ms)[0m  [1m[34mSELECT "tracks".* FROM "tracks"[0m
  [1m[36mNote Load (0.4ms)[0m  [1m[34mSELECT "notes".* FROM "notes"[0m
  [1m[36mUser Exists (0.5ms)[0m  [1m[34mSELECT  1 AS one FROM "users" WHERE "users"."session_token" = $1 LIMIT $2[0m  [["session_token", "QsIvGr9QokSDNyDemJF9dw"], ["LIMIT", 1]]
  [1m[36mUser Exists (0.4ms)[0m  [1m[34mSELECT  1 AS one FROM "users" WHERE "users"."activation_token" = $1 LIMIT $2[0m  [["activation_token", "R0guklms9zk48LyoVMKleA"], ["LIMIT", 1]]
  [1m[35m (0.2ms)[0m  [1m[35mBEGIN[0m
  [1m[36mUser Exists (0.6ms)[0m  [1m[34mSELECT  1 AS one FROM "users" WHERE "users"."activation_token" = $1 LIMIT $2[0m  [["activation_token", "R0guklms9zk48LyoVMKleA"], ["LIMIT", 1]]
  [1m[36mUser Exists (0.6ms)[0m  [1m[34mSELECT  1 AS one FROM "users" WHERE "users"."email" = $1 LIMIT $2[0m  [["email", "fred@metal.com"], ["LIMIT", 1]]
  [1m[36mUser Exists (0.5ms)[0m  [1m[34mSELECT  1 AS one FROM "users" WHERE "users"."session_token" = $1 LIMIT $2[0m  [["session_token", "QsIvGr9QokSDNyDemJF9dw"], ["LIMIT", 1]]
  [1m[35mSQL (0.7ms)[0m  [1m[32mINSERT INTO "users" ("email", "password_digest", "session_token", "activation_token", "created_at", "updated_at") VALUES ($1, $2, $3, $4, $5, $6) RETURNING "id"[0m  [["email", "fred@metal.com"], ["password_digest", "$2a$12$LqTtGvF4SBDkv4.aEROzHe2GKifGJYyafsgahwi/FQkG3PxcJLGqG"], ["session_token", "QsIvGr9QokSDNyDemJF9dw"], ["activation_token", "R0guklms9zk48LyoVMKleA"], ["created_at", "2019-09-11 00:15:49.281039"], ["updated_at", "2019-09-11 00:15:49.281039"]]
  [1m[35m (2.2ms)[0m  [1m[35mCOMMIT[0m
  [1m[36mUser Exists (1.5ms)[0m  [1m[34mSELECT  1 AS one FROM "users" WHERE "users"."session_token" = $1 LIMIT $2[0m  [["session_token", "taBQB_yV_XeutIpvIdGupw"], ["LIMIT", 1]]
  [1m[36mUser Exists (0.5ms)[0m  [1m[34mSELECT  1 AS one FROM "users" WHERE "users"."activation_token" = $1 LIMIT $2[0m  [["activation_token", "HBwDQhl8-XJTGbvwE35HpA"], ["LIMIT", 1]]
  [1m[35m (0.1ms)[0m  [1m[35mBEGIN[0m
  [1m[36mUser Exists (0.4ms)[0m  [1m[34mSELECT  1 AS one FROM "users" WHERE "users"."activation_token" = $1 LIMIT $2[0m  [["activation_token", "HBwDQhl8-XJTGbvwE35HpA"], ["LIMIT", 1]]
  [1m[36mUser Exists (1.4ms)[0m  [1m[34mSELECT  1 AS one FROM "users" WHERE "users"."email" = $1 LIMIT $2[0m  [["email", "daniel@classical.com"], ["LIMIT", 1]]
  [1m[36mUser Exists (0.5ms)[0m  [1m[34mSELECT  1 AS one FROM "users" WHERE "users"."session_token" = $1 LIMIT $2[0m  [["session_token", "taBQB_yV_XeutIpvIdGupw"], ["LIMIT", 1]]
  [1m[35mSQL (0.5ms)[0m  [1m[32mINSERT INTO "users" ("email", "password_digest", "session_token", "activation_token", "created_at", "updated_at") VALUES ($1, $2, $3, $4, $5, $6) RETURNING "id"[0m  [["email", "daniel@classical.com"], ["password_digest", "$2a$12$jb048li5iKVEF/KCCb8TpuRpHhIkD4UyDjztglfP2WtNS56hiWkhS"], ["session_token", "taBQB_yV_XeutIpvIdGupw"], ["activation_token", "HBwDQhl8-XJTGbvwE35HpA"], ["created_at", "2019-09-11 00:15:49.584222"], ["updated_at", "2019-09-11 00:15:49.584222"]]
  [1m[35m (2.4ms)[0m  [1m[35mCOMMIT[0m
  [1m[35m (0.2ms)[0m  [1m[35mBEGIN[0m
  [1m[36mBand Exists (0.5ms)[0m  [1m[34mSELECT  1 AS one FROM "bands" WHERE "bands"."name" = $1 LIMIT $2[0m  [["name", "the little 'a's"], ["LIMIT", 1]]
  [1m[35mSQL (0.5ms)[0m  [1m[32mINSERT INTO "bands" ("name", "created_at", "updated_at") VALUES ($1, $2, $3) RETURNING "id"[0m  [["name", "the little 'a's"], ["created_at", "2019-09-11 00:15:49.590303"], ["updated_at", "2019-09-11 00:15:49.590303"]]
  [1m[35m (2.2ms)[0m  [1m[35mCOMMIT[0m
  [1m[35m (0.2ms)[0m  [1m[35mBEGIN[0m
  [1m[36mBand Exists (0.5ms)[0m  [1m[34mSELECT  1 AS one FROM "bands" WHERE "bands"."name" = $1 LIMIT $2[0m  [["name", "THE BIG 'A's"], ["LIMIT", 1]]
  [1m[35mSQL (0.6ms)[0m  [1m[32mINSERT INTO "bands" ("name", "created_at", "updated_at") VALUES ($1, $2, $3) RETURNING "id"[0m  [["name", "THE BIG 'A's"], ["created_at", "2019-09-11 00:15:49.595990"], ["updated_at", "2019-09-11 00:15:49.595990"]]
  [1m[35m (2.1ms)[0m  [1m[35mCOMMIT[0m
  [1m[35m (0.2ms)[0m  [1m[35mBEGIN[0m
  [1m[36mAlbum Exists (0.5ms)[0m  [1m[34mSELECT  1 AS one FROM "albums" WHERE "albums"."name" = $1 AND "albums"."band_id" = $2 LIMIT $3[0m  [["name", "Gonna be a big A someday!"], ["band_id", 3], ["LIMIT", 1]]
  [1m[35mSQL (0.6ms)[0m  [1m[32mINSERT INTO "albums" ("name", "band_id", "year", "created_at", "updated_at") VALUES ($1, $2, $3, $4, $5) RETURNING "id"[0m  [["name", "Gonna be a big A someday!"], ["band_id", 3], ["year", 2017], ["created_at", "2019-09-11 00:15:49.603019"], ["updated_at", "2019-09-11 00:15:49.603019"]]
  [1m[35m (2.2ms)[0m  [1m[35mCOMMIT[0m
  [1m[35m (0.2ms)[0m  [1m[35mBEGIN[0m
  [1m[36mTrack Exists (0.5ms)[0m  [1m[34mSELECT  1 AS one FROM "tracks" WHERE "tracks"."ord" = $1 AND "tracks"."album_id" = $2 LIMIT $3[0m  [["ord", 1], ["album_id", 2], ["LIMIT", 1]]
  [1m[35mSQL (1.0ms)[0m  [1m[32mINSERT INTO "tracks" ("name", "album_id", "ord", "lyrics", "created_at", "updated_at") VALUES ($1, $2, $3, $4, $5, $6) RETURNING "id"[0m  [["name", "Why would I make my own bracket method?"], ["album_id", 2], ["ord", 1], ["lyrics", "lalalalala"], ["created_at", "2019-09-11 00:15:49.610129"], ["updated_at", "2019-09-11 00:15:49.610129"]]
  [1m[35m (2.2ms)[0m  [1m[35mCOMMIT[0m
  [1m[35m (0.1ms)[0m  [1m[35mBEGIN[0m
  [1m[36mTrack Exists (0.4ms)[0m  [1m[34mSELECT  1 AS one FROM "tracks" WHERE "tracks"."ord" = $1 AND "tracks"."album_id" = $2 LIMIT $3[0m  [["ord", 2], ["album_id", 2], ["LIMIT", 1]]
  [1m[35mSQL (0.5ms)[0m  [1m[32mINSERT INTO "tracks" ("name", "album_id", "ord", "lyrics", "created_at", "updated_at") VALUES ($1, $2, $3, $4, $5, $6) RETURNING "id"[0m  [["name", "I am riding the rails of majesty"], ["album_id", 2], ["ord", 2], ["lyrics", "rails rails rrrrails"], ["created_at", "2019-09-11 00:15:49.617113"], ["updated_at", "2019-09-11 00:15:49.617113"]]
  [1m[35m (2.5ms)[0m  [1m[35mCOMMIT[0m
  [1m[35m (0.2ms)[0m  [1m[35mBEGIN[0m
  [1m[35mSQL (0.6ms)[0m  [1m[32mINSERT INTO "notes" ("track_id", "user_id", "content", "created_at", "updated_at") VALUES ($1, $2, $3, $4, $5) RETURNING "id"[0m  [["track_id", 3], ["user_id", 3], ["content", "It's better that way"], ["created_at", "2019-09-11 00:15:49.624336"], ["updated_at", "2019-09-11 00:15:49.624336"]]
  [1m[35m (2.2ms)[0m  [1m[35mCOMMIT[0m
  [1m[35m (0.2ms)[0m  [1m[35mBEGIN[0m
  [1m[35mSQL (0.6ms)[0m  [1m[32mINSERT INTO "notes" ("track_id", "user_id", "content", "created_at", "updated_at") VALUES ($1, $2, $3, $4, $5) RETURNING "id"[0m  [["track_id", 3], ["user_id", 4], ["content", "Can you add some spacing here?"], ["created_at", "2019-09-11 00:15:49.629569"], ["updated_at", "2019-09-11 00:15:49.629569"]]
  [1m[35m (2.2ms)[0m  [1m[35mCOMMIT[0m
  [1m[36mAlbum Load (0.7ms)[0m  [1m[34mSELECT  "albums".* FROM "albums" ORDER BY "albums"."id" ASC LIMIT $1[0m  [["LIMIT", 1]]
  [1m[36mTrack Load (0.6ms)[0m  [1m[34mSELECT  "tracks".* FROM "tracks" ORDER BY "tracks"."id" ASC LIMIT $1[0m  [["LIMIT", 1]]
  [1m[36mBand Load (4.9ms)[0m  [1m[34mSELECT  "bands".* FROM "bands" INNER JOIN "albums" ON "bands"."id" = "albums"."band_id" WHERE "albums"."id" = $1 LIMIT $2[0m  [["id", 2], ["LIMIT", 1]]
  [1m[36mNote Load (0.8ms)[0m  [1m[34mSELECT  "notes".* FROM "notes" WHERE "notes"."track_id" = $1 LIMIT $2[0m  [["track_id", 3], ["LIMIT", 11]]
